This file contains any messages produced by compilers while
running configure, to aid debugging if configure makes a mistake.

It was created by giellakeyboards-sjd configure 20130628, which was
generated by GNU Autoconf 2.71.  Invocation command line was

  $ ./configure

## --------- ##
## Platform. ##
## --------- ##

hostname = svhum-hsl-m0317.local
uname -m = x86_64
uname -r = 20.6.0
uname -s = Darwin
uname -v = Darwin Kernel Version 20.6.0: Tue Oct 12 18:33:42 PDT 2021; root:xnu-7195.141.8~1/RELEASE_X86_64

/usr/bin/uname -p = i386
/bin/uname -X     = unknown

/bin/arch              = unknown
/usr/bin/arch -k       = unknown
/usr/convex/getsysinfo = unknown
/usr/bin/hostinfo      = Mach kernel version:
	 Darwin Kernel Version 20.6.0: Tue Oct 12 18:33:42 PDT 2021; root:xnu-7195.141.8~1/RELEASE_X86_64
Kernel configured for up to 12 processors.
6 processors are physically available.
12 processors are logically available.
Processor type: x86_64h (Intel x86-64h Haswell)
Processors active: 0 1 2 3 4 5 6 7 8 9 10 11
Primary memory available: 32.00 gigabytes
Default processor set: 897 tasks, 3561 threads, 12 processors
Load average: 2.73, Mach factor: 9.25
/bin/machine           = unknown
/usr/bin/oslevel       = unknown
/bin/universe          = unknown

PATH: /Users/smo036/.cargo/bin/
PATH: /Users/smo036/.nvm/versions/node/v12.19.0/bin/
PATH: /opt/local/Library/Frameworks/Python.framework/Versions/3.7/bin/
PATH: /opt/local/bin/
PATH: /opt/local/sbin/
PATH: /Users/smo036/.fastlane/bin/
PATH: /Users/smo036/langtech/priv/polderland/bin/
PATH: /Users/smo036/langtech/gut/giellalt/giella-core/scripts/
PATH: /Users/smo036/langtech/main/gt/script/corpus/
PATH: /Users/smo036/langtech/main/gt/script/
PATH: /Users/smo036/bin/
PATH: /Users/smo036/.local/bin/
PATH: /Users/smo036/Library/Python/3.9/bin/
PATH: /opt/local/bin/
PATH: /opt/local/sbin/
PATH: /usr/local/bin/
PATH: /usr/bin/
PATH: /bin/
PATH: /usr/sbin/
PATH: /sbin/
PATH: /usr/local/share/dotnet/
PATH: /usr/local/munki/
PATH: ~/.dotnet/tools/
PATH: /Library/Apple/usr/bin/
PATH: /Applications/Privileges.app/Contents/Resources/
PATH: /Users/smo036/svnopentech/forrest/bin/
PATH: /usr/local/bin/


## ----------- ##
## Core tests. ##
## ----------- ##

configure:1716: looking for aux files: missing install-sh
configure:1729:  trying ./build-aux/
configure:1758:   ./build-aux/missing found
configure:1740:   ./build-aux/install-sh found
configure:1893: checking for a BSD-compatible install
configure:1966: result: /opt/local/bin/ginstall -c
configure:1977: checking whether build environment is sane
configure:2032: result: yes
configure:2191: checking for a race-free mkdir -p
configure:2235: result: /opt/local/bin/gmkdir -p
configure:2242: checking for gawk
configure:2263: found /opt/local/bin/gawk
configure:2274: result: gawk
configure:2285: checking whether make sets $(MAKE)
configure:2308: result: yes
configure:2338: checking whether make supports nested variables
configure:2356: result: yes
configure:2504: checking whether make supports nested variables
configure:2522: result: yes
configure:2553: checking for kbdgen
configure:2576: found /Users/smo036/bin/kbdgen
configure:2589: result: /Users/smo036/bin/kbdgen
configure:2605: checking whether ln -s works
configure:2609: result: yes
configure:2767: checking that generated files are newer than configure
configure:2773: result: done
configure:2781: creating ./config.status

## ---------------------- ##
## Running config.status. ##
## ---------------------- ##

This file was extended by giellakeyboards-sjd config.status 20130628, which was
generated by GNU Autoconf 2.71.  Invocation command line was

  CONFIG_FILES    = 
  CONFIG_HEADERS  = 
  CONFIG_LINKS    = 
  CONFIG_COMMANDS = 
  $ ./config.status 

on svhum-hsl-m0317.local

config.status:745: creating Makefile

## ---------------- ##
## Cache variables. ##
## ---------------- ##

ac_cv_env_build_alias_set=
ac_cv_env_build_alias_value=
ac_cv_env_host_alias_set=
ac_cv_env_host_alias_value=
ac_cv_env_target_alias_set=
ac_cv_env_target_alias_value=
ac_cv_path_KBDGEN=/Users/smo036/bin/kbdgen
ac_cv_path_install='/opt/local/bin/ginstall -c'
ac_cv_path_mkdir=/opt/local/bin/gmkdir
ac_cv_prog_AWK=gawk
ac_cv_prog_make_make_set=yes
am_cv_make_support_nested_variables=yes

## ----------------- ##
## Output variables. ##
## ----------------- ##

ACLOCAL='${SHELL} '\''/Users/smo036/langtech/gut/giellalt/keyboard-sjd/build-aux/missing'\'' aclocal-1.16'
AMTAR='$${TAR-tar}'
AM_BACKSLASH='\'
AM_DEFAULT_V='$(AM_DEFAULT_VERBOSITY)'
AM_DEFAULT_VERBOSITY='0'
AM_V='$(V)'
AUTOCONF='${SHELL} '\''/Users/smo036/langtech/gut/giellalt/keyboard-sjd/build-aux/missing'\'' autoconf'
AUTOHEADER='${SHELL} '\''/Users/smo036/langtech/gut/giellalt/keyboard-sjd/build-aux/missing'\'' autoheader'
AUTOMAKE='${SHELL} '\''/Users/smo036/langtech/gut/giellalt/keyboard-sjd/build-aux/missing'\'' automake-1.16'
AWK='gawk'
CSCOPE='cscope'
CTAGS='ctags'
CYGPATH_W='echo'
DEFS='-DPACKAGE_NAME=\"giellakeyboards-sjd\" -DPACKAGE_TARNAME=\"giellakeyboards-sjd\" -DPACKAGE_VERSION=\"20130628\" -DPACKAGE_STRING=\"giellakeyboards-sjd\ 20130628\" -DPACKAGE_BUGREPORT=\"feedback@divvun.no\" -DPACKAGE_URL=\"http://divvun.no\" -DPACKAGE=\"giellakeyboards-sjd\" -DVERSION=\"20130628\"'
ECHO_C='\c'
ECHO_N=''
ECHO_T=''
ETAGS='etags'
GTLANG2='sjd'
GTLANG='sjd'
INSTALL_DATA='${INSTALL} -m 644'
INSTALL_PROGRAM='${INSTALL}'
INSTALL_SCRIPT='${INSTALL}'
INSTALL_STRIP_PROGRAM='$(install_sh) -c -s'
KBDGEN='/Users/smo036/bin/kbdgen'
LIBOBJS=''
LIBS=''
LN_S='ln -s'
LTLIBOBJS=''
MAKEINFO='${SHELL} '\''/Users/smo036/langtech/gut/giellalt/keyboard-sjd/build-aux/missing'\'' makeinfo'
MKDIR_P='/opt/local/bin/gmkdir -p'
PACKAGE='giellakeyboards-sjd'
PACKAGE_BUGREPORT='feedback@divvun.no'
PACKAGE_NAME='giellakeyboards-sjd'
PACKAGE_STRING='giellakeyboards-sjd 20130628'
PACKAGE_TARNAME='giellakeyboards-sjd'
PACKAGE_URL='http://divvun.no'
PACKAGE_VERSION='20130628'
PATH_SEPARATOR=':'
SET_MAKE=''
SHELL='/bin/sh'
STRIP=''
VERSION='20130628'
am__isrc=''
am__leading_dot='.'
am__tar='$${TAR-tar} chof - "$$tardir"'
am__untar='$${TAR-tar} xf -'
bindir='${exec_prefix}/bin'
build_alias=''
datadir='${datarootdir}'
datarootdir='${prefix}/share'
docdir='${datarootdir}/doc/${PACKAGE_TARNAME}'
dvidir='${docdir}'
exec_prefix='${prefix}'
host_alias=''
htmldir='${docdir}'
includedir='${prefix}/include'
infodir='${datarootdir}/info'
install_sh='${SHELL} /Users/smo036/langtech/gut/giellalt/keyboard-sjd/build-aux/install-sh'
libdir='${exec_prefix}/lib'
libexecdir='${exec_prefix}/libexec'
localedir='${datarootdir}/locale'
localstatedir='${prefix}/var'
mandir='${datarootdir}/man'
mkdir_p='$(MKDIR_P)'
oldincludedir='/usr/include'
pdfdir='${docdir}'
prefix='/usr/local'
program_transform_name='s,x,x,'
psdir='${docdir}'
runstatedir='${localstatedir}/run'
sbindir='${exec_prefix}/sbin'
sharedstatedir='${prefix}/com'
sysconfdir='${prefix}/etc'
target_alias=''

## ----------- ##
## confdefs.h. ##
## ----------- ##

/* confdefs.h */
#define PACKAGE_NAME "giellakeyboards-sjd"
#define PACKAGE_TARNAME "giellakeyboards-sjd"
#define PACKAGE_VERSION "20130628"
#define PACKAGE_STRING "giellakeyboards-sjd 20130628"
#define PACKAGE_BUGREPORT "feedback@divvun.no"
#define PACKAGE_URL "http://divvun.no"
#define PACKAGE "giellakeyboards-sjd"
#define VERSION "20130628"

configure: exit 0
